0 info it worked if it ends with ok
1 verbose cli [ 'C:\\tools\\nodejs\\node.exe',
1 verbose cli   'C:\\Users\\rating-01\\AppData\\Roaming\\npm\\node_modules\\npm\\bin\\npm-cli.js',
1 verbose cli   'run',
1 verbose cli   'dev' ]
2 info using npm@3.10.6
3 info using node@v4.4.5
4 verbose stack Error: missing script: dev
4 verbose stack     at run (C:\Users\rating-01\AppData\Roaming\npm\node_modules\npm\lib\run-script.js:151:19)
4 verbose stack     at C:\Users\rating-01\AppData\Roaming\npm\node_modules\npm\lib\run-script.js:61:5
4 verbose stack     at C:\Users\rating-01\AppData\Roaming\npm\node_modules\npm\node_modules\read-package-json\read-json.js:356:5
4 verbose stack     at checkBinReferences_ (C:\Users\rating-01\AppData\Roaming\npm\node_modules\npm\node_modules\read-package-json\read-json.js:320:45)
4 verbose stack     at final (C:\Users\rating-01\AppData\Roaming\npm\node_modules\npm\node_modules\read-package-json\read-json.js:354:3)
4 verbose stack     at then (C:\Users\rating-01\AppData\Roaming\npm\node_modules\npm\node_modules\read-package-json\read-json.js:124:5)
4 verbose stack     at C:\Users\rating-01\AppData\Roaming\npm\node_modules\npm\node_modules\read-package-json\read-json.js:243:12
4 verbose stack     at C:\Users\rating-01\AppData\Roaming\npm\node_modules\npm\node_modules\graceful-fs\graceful-fs.js:78:16
4 verbose stack     at FSReqWrap.readFileAfterClose [as oncomplete] (fs.js:380:3)
5 verbose cwd E:\02.GITHUB\LearnPhaser\meeting-online\week01\phaser-template\slide
6 error Windows_NT 10.0.14393
7 error argv "C:\\tools\\nodejs\\node.exe" "C:\\Users\\rating-01\\AppData\\Roaming\\npm\\node_modules\\npm\\bin\\npm-cli.js" "run" "dev"
8 error node v4.4.5
9 error npm  v3.10.6
10 error missing script: dev
11 error If you need help, you may report this error at:
11 error     <https://github.com/npm/npm/issues>
12 verbose exit [ 1, true ]
